<?xml version="1.0" encoding="UTF-8"?>
<testsuites name="jest tests" tests="2" failures="1" errors="0" time="13.239">
  <testsuite name="mockingoose" errors="0" failures="0" skipped="0" timestamp="2024-08-31T11:10:33" time="1.461" tests="1">
    <testcase classname="mockingoose Test Both Fields Are Set Validate Model" name="mockingoose Test Both Fields Are Set Validate Model" time="0.008">
    </testcase>
  </testsuite>
  <testsuite name="Add Note" errors="0" failures="1" skipped="0" timestamp="2024-08-31T11:10:33" time="12.071" tests="1">
    <testcase classname="Add Note Should add a new note and redirect to login" name="Add Note Should add a new note and redirect to login" time="10.09">
      <failure>Error: expect(received).toEqual(expected) // deep equality

Expected: 302
Received: 200
    at Object.&lt;anonymous&gt; (D:\project\s3886334-assignment-1\src\tests\integration\note.test.js:17:32)
    at processTicksAndRejections (node:internal/process/task_queues:95:5)</failure>
    </testcase>
  </testsuite>
</testsuites>